<?xml version="1.0" encoding="UTF-8"?>
<!-- Generated by org.testng.reporters.JUnitXMLReporter -->
<testsuite ignored="0" hostname="VinayakaBShetty" failures="1" tests="3" name="Test" time="12.361" errors="0" timestamp="2024-05-30T19:39:58 IST">
  <testcase classname="tests.SwagLabs" name="loginToSwagLabs" time="2.898"/>
  <testcase classname="tests.Navigation_TC" name="navigateToGoogle" time="4.305">
    <skipped/>
  </testcase> <!-- navigateToGoogle -->
  <testcase classname="tests.Navigation_TC" name="navigateToGoogle" time="1.613">
    <failure type="java.lang.AssertionError" message="expected [true] but found [false]">
      <![CDATA[java.lang.AssertionError: expected [true] but found [false]
at tests.Navigation_TC.navigateToGoogle(Google.java:16)
at java.base/java.util.concurrent.ThreadPoolExecutor.runWorker(ThreadPoolExecutor.java:1144)
at java.base/java.util.concurrent.ThreadPoolExecutor$Worker.run(ThreadPoolExecutor.java:642)
at java.base/java.lang.Thread.run(Thread.java:1570)
... Removed 14 stack frames]]>
    </failure>
  </testcase> <!-- navigateToGoogle -->
</testsuite> <!-- Test -->
