<?xml version="1.0" encoding="UTF-8"?>
<!-- Generated by org.testng.reporters.JUnitXMLReporter -->
<testsuite ignored="0" hostname="VinayakaBShetty" failures="0" tests="3" name="ChromeTests" time="20.218" errors="0" timestamp="2024-06-19T17:33:06 IST">
  <testcase classname="tests.Navigation_TC" name="navigateToEcommerceWebsites" time="6.931"/>
  <testcase classname="tests.Navigation_TC" name="navigateToEcommerceWebsites" time="7.287"/>
  <testcase classname="tests.Navigation_TC" name="navigateToEcommerceWebsites" time="9.957"/>
</testsuite> <!-- ChromeTests -->
