<?xml version="1.0" encoding="UTF-8"?>
<!-- Generated by org.testng.reporters.JUnitXMLReporter -->
<testsuite ignored="0" hostname="VinayakaBShetty" failures="0" tests="5" name="Test" time="62.09" errors="0" timestamp="2024-06-04T20:01:15 IST">
  <testcase classname="tests.SwagLabs" name="loginToSwagLabs_lockedOutUser" time="12.322"/>
  <testcase classname="tests.SwagLabs" name="loginToSwagLabs" time="12.61"/>
  <testcase classname="tests.Navigation_TestCases" name="navigateToEcommerceWebsites" time="23.967"/>
  <testcase classname="tests.Navigation_TestCases" name="navigateToEcommerceWebsites" time="22.312"/>
  <testcase classname="tests.Navigation_TestCases" name="navigateToEcommerceWebsites" time="6.981"/>
</testsuite> <!-- Test -->
