<?xml version="1.0" encoding="UTF-8"?>
<testng-results ignored="0" total="2" passed="2" failed="0" skipped="0">
  <reporter-output>
  </reporter-output>
  <suite started-at="2024-06-19T22:24:09 IST" name="test-run" finished-at="2024-06-19T22:24:40 IST" duration-ms="30733">
    <groups>
    </groups>
    <test started-at="2024-06-19T22:24:09 IST" name="Test" finished-at="2024-06-19T22:24:40 IST" duration-ms="30733">
      <class name="tests.SwagLabs">
        <test-method is-config="true" signature="init(java.lang.String)[pri:0, instance:tests.SwagLabs@1a6c1270]" started-at="2024-06-19T22:24:09 IST" name="init" finished-at="2024-06-19T22:24:35 IST" duration-ms="25739" status="PASS">
          <params>
            <param index="0">
              <value>
                <![CDATA[chrome]]>
              </value>
            </param>
          </params>
          <reporter-output>
          </reporter-output>
        </test-method> <!-- init -->
        <test-method is-config="true" signature="init(java.lang.String)[pri:0, instance:tests.SwagLabs@1a6c1270]" started-at="2024-06-19T22:24:09 IST" name="init" finished-at="2024-06-19T22:24:38 IST" duration-ms="28937" status="PASS">
          <params>
            <param index="0">
              <value>
                <![CDATA[chrome]]>
              </value>
            </param>
          </params>
          <reporter-output>
          </reporter-output>
        </test-method> <!-- init -->
        <test-method signature="loginToSwagLabs_lockedOutUser()[pri:2, instance:tests.SwagLabs@1a6c1270]" started-at="2024-06-19T22:24:35 IST" name="loginToSwagLabs_lockedOutUser" finished-at="2024-06-19T22:24:37 IST" duration-ms="1926" status="PASS">
          <reporter-output>
          </reporter-output>
        </test-method> <!-- loginToSwagLabs_lockedOutUser -->
        <test-method is-config="true" signature="tearDown()[pri:0, instance:tests.SwagLabs@1a6c1270]" started-at="2024-06-19T22:24:37 IST" name="tearDown" finished-at="2024-06-19T22:24:37 IST" duration-ms="253" status="PASS">
          <reporter-output>
          </reporter-output>
        </test-method> <!-- tearDown -->
        <test-method signature="loginToSwagLabs()[pri:1, instance:tests.SwagLabs@1a6c1270]" started-at="2024-06-19T22:24:38 IST" name="loginToSwagLabs" finished-at="2024-06-19T22:24:39 IST" duration-ms="1544" status="PASS">
          <reporter-output>
          </reporter-output>
        </test-method> <!-- loginToSwagLabs -->
        <test-method is-config="true" signature="tearDown()[pri:0, instance:tests.SwagLabs@1a6c1270]" started-at="2024-06-19T22:24:39 IST" name="tearDown" finished-at="2024-06-19T22:24:40 IST" duration-ms="192" status="PASS">
          <reporter-output>
          </reporter-output>
        </test-method> <!-- tearDown -->
      </class> <!-- tests.SwagLabs -->
    </test> <!-- Test -->
  </suite> <!-- test-run -->
</testng-results>
